<?xml version="1.0" encoding="UTF-8"?>
<testng-results skipped="0" failed="0" total="1" passed="1">
  <reporter-output>
    <line>
      <![CDATA[Login Success]]>
    </line>
    <line>
      <![CDATA[Logout success]]>
    </line>
    <line>
      <![CDATA[Login Success]]>
    </line>
    <line>
      <![CDATA[Branch Created Success]]>
    </line>
    <line>
      <![CDATA[Logout success]]>
    </line>
    <line>
      <![CDATA[Login Success]]>
    </line>
    <line>
      <![CDATA[Branch updated Sucessfully]]>
    </line>
    <line>
      <![CDATA[Logout success]]>
    </line>
  </reporter-output>
  <suite name="Default suite" duration-ms="83266" started-at="2020-07-09T02:49:42Z" finished-at="2020-07-09T02:51:06Z">
    <groups>
    </groups>
    <test name="Default test" duration-ms="83266" started-at="2020-07-09T02:49:42Z" finished-at="2020-07-09T02:51:06Z">
      <class name="DriverFactory.DriverScript">
        <test-method status="PASS" signature="setUp()[pri:0, instance:DriverFactory.DriverScript@16c0663d]" name="setUp" is-config="true" duration-ms="8275" started-at="2020-07-09T08:19:42Z" finished-at="2020-07-09T08:19:51Z">
          <reporter-output>
          </reporter-output>
        </test-method> <!-- setUp -->
        <test-method status="PASS" signature="Primus()[pri:0, instance:DriverFactory.DriverScript@16c0663d]" name="Primus" duration-ms="74782" started-at="2020-07-09T08:19:51Z" finished-at="2020-07-09T08:21:06Z">
          <reporter-output>
            <line>
              <![CDATA[Login Success]]>
            </line>
            <line>
              <![CDATA[Logout success]]>
            </line>
            <line>
              <![CDATA[Login Success]]>
            </line>
            <line>
              <![CDATA[Branch Created Success]]>
            </line>
            <line>
              <![CDATA[Logout success]]>
            </line>
            <line>
              <![CDATA[Login Success]]>
            </line>
            <line>
              <![CDATA[Branch updated Sucessfully]]>
            </line>
            <line>
              <![CDATA[Logout success]]>
            </line>
          </reporter-output>
        </test-method> <!-- Primus -->
        <test-method status="PASS" signature="tearDown()[pri:0, instance:DriverFactory.DriverScript@16c0663d]" name="tearDown" is-config="true" duration-ms="193" started-at="2020-07-09T08:21:06Z" finished-at="2020-07-09T08:21:06Z">
          <reporter-output>
          </reporter-output>
        </test-method> <!-- tearDown -->
      </class> <!-- DriverFactory.DriverScript -->
    </test> <!-- Default test -->
  </suite> <!-- Default suite -->
</testng-results>
